
ASEM-51 V1.3                                         Copyright (c) 2002 by W.W. Heinz                                         PAGE 1





       MCS-51 Family Macro Assembler   A S E M - 5 1   V 1.3
       =====================================================



	Source File:	mikro1.asm
	Object File:	mikro1.hex
	List File:	mikro1.lst



 Line  I  Addr  Code            Source

    1:				;====================================================================
    2:				; Main.asm file generated by New Project wizard
    3:				;
    4:				; Created:   Mon Oct 7 2024
    5:				; Processor: AT89C52
    6:				; Compiler:  ASEM-51 (Proteus)
    7:				;====================================================================
    8:
    9:				$NOMOD51
   10:				$INCLUDE (80C52.MCU)
   11: 1			;   80C52 processor definition file
   12: 1			;   ===============================
   13: 1
   14: 1	N	 80	P0	DATA	080H
   15: 1	N	 81	SP	DATA	081H
   16: 1	N	 82	DPL	DATA	082H
   17: 1	N	 83	DPH	DATA	083H
   18: 1	N	 87	PCON	DATA	087H
   19: 1	N	 88	TCON	DATA	088H
   20: 1	N	 89	TMOD	DATA	089H
   21: 1	N	 8A	TL0	DATA	08AH
   22: 1	N	 8B	TL1	DATA	08BH
   23: 1	N	 8C	TH0	DATA	08CH
   24: 1	N	 8D	TH1	DATA	08DH
   25: 1	N	 90	P1	DATA	090H
   26: 1	N	 98	SCON	DATA	098H
   27: 1	N	 99	SBUF	DATA	099H
   28: 1	N	 A0	P2	DATA	0A0H
   29: 1	N	 A8	IE	DATA	0A8H
   30: 1	N	 A9	SADDR	DATA	0A9H
   31: 1	N	 B0	P3	DATA	0B0H
   32: 1	N	 B8	IP	DATA	0B8H
   33: 1	N	 B9	SADEN	DATA	0B9H
   34: 1	N	 C8	T2CON	DATA	0C8H
   35: 1	N	 C9	T2MOD	DATA	0C9H
   36: 1	N	 CA	RCAP2L	DATA	0CAH
   37: 1	N	 CB	RCAP2H	DATA	0CBH
   38: 1	N	 CC	TL2	DATA	0CCH
   39: 1	N	 CD	TH2	DATA	0CDH
   40: 1	N	 D0	PSW	DATA	0D0H
   41: 1	N	 E0	ACC	DATA	0E0H
   42: 1	N	 F0	B	DATA	0F0H
   43: 1

ASEM-51 V1.3                                         Copyright (c) 2002 by W.W. Heinz                                         PAGE 2



 Line  I  Addr  Code            Source

   44: 1	N	 88	IT0	BIT	088H
   45: 1	N	 89	IE0	BIT	089H
   46: 1	N	 8A	IT1	BIT	08AH
   47: 1	N	 8B	IE1	BIT	08BH
   48: 1	N	 8C	TR0	BIT	08CH
   49: 1	N	 8D	TF0	BIT	08DH
   50: 1	N	 8E	TR1	BIT	08EH
   51: 1	N	 8F	TF1	BIT	08FH
   52: 1	N	 90	T2	BIT	090H
   53: 1	N	 91	T2EX	BIT	091H
   54: 1	N	 98	RI	BIT	098H
   55: 1	N	 99	TI	BIT	099H
   56: 1	N	 9A	RB8	BIT	09AH
   57: 1	N	 9B	TB8	BIT	09BH
   58: 1	N	 9C	REN	BIT	09CH
   59: 1	N	 9D	SM2	BIT	09DH
   60: 1	N	 9E	SM1	BIT	09EH
   61: 1	N	 9F	SM0	BIT	09FH
   62: 1	N	 A8	EX0	BIT	0A8H
   63: 1	N	 A9	ET0	BIT	0A9H
   64: 1	N	 AA	EX1	BIT	0AAH
   65: 1	N	 AB	ET1	BIT	0ABH
   66: 1	N	 AC	ES	BIT	0ACH
   67: 1	N	 AD	ET2	BIT	0ADH
   68: 1	N	 AF	EA	BIT	0AFH
   69: 1	N	 B0	RXD	BIT	0B0H
   70: 1	N	 B1	TXD	BIT	0B1H
   71: 1	N	 B2	INT0	BIT	0B2H
   72: 1	N	 B3	INT1	BIT	0B3H
   73: 1	N	 B4	T0	BIT	0B4H
   74: 1	N	 B5	T1	BIT	0B5H
   75: 1	N	 B6	WR	BIT	0B6H
   76: 1	N	 B7	RD	BIT	0B7H
   77: 1	N	 B8	PX0	BIT	0B8H
   78: 1	N	 B9	PT0	BIT	0B9H
   79: 1	N	 BA	PX1	BIT	0BAH
   80: 1	N	 BB	PT1	BIT	0BBH
   81: 1	N	 BC	PS	BIT	0BCH
   82: 1	N	 BD	PT2	BIT	0BDH
   83: 1	N	 C8	CPRL2	BIT	0C8H
   84: 1	N	 C9	CT2	BIT	0C9H
   85: 1	N	 CA	TR2	BIT	0CAH
   86: 1	N	 CB	EXEN2	BIT	0CBH
   87: 1	N	 CC	TCLK	BIT	0CCH
   88: 1	N	 CD	RCLK	BIT	0CDH
   89: 1	N	 CE	EXF2	BIT	0CEH
   90: 1	N	 CF	TF2	BIT	0CFH
   91: 1	N	 D0	P	BIT	0D0H
   92: 1	N	 D2	OV	BIT	0D2H
   93: 1	N	 D3	RS0	BIT	0D3H
   94: 1	N	 D4	RS1	BIT	0D4H
   95: 1	N	 D5	F0	BIT	0D5H
   96: 1	N	 D6	AC	BIT	0D6H
   97: 1	N	 D7	CY	BIT	0D7H
   98: 1
   99: 1	N      0000	RESET	CODE	000H

ASEM-51 V1.3                                         Copyright (c) 2002 by W.W. Heinz                                         PAGE 3



 Line  I  Addr  Code            Source

  100: 1	N      0003	EXTI0	CODE	003H
  101: 1	N      000B	TIMER0	CODE	00BH
  102: 1	N      0013	EXTI1	CODE	013H
  103: 1	N      001B	TIMER1	CODE	01BH
  104: 1	N      0023	SINT	CODE	023H
  105: 1	N      002B	TIMER2	CODE	02BH
  106:
  107:				;====================================================================
  108:				; DEFINITIONS
  109:				;====================================================================
  110:
  111:				;====================================================================
  112:				; VARIABLES
  113:				;====================================================================
  114:
  115:				;====================================================================
  116:				; RESET and INTERRUPT VECTORS
  117:				;====================================================================
  118:
  119:				      ; Reset Vector
  120:		N      0000	      org   0000h
  121:	  0000	02 01 00	      jmp   Start
  122:
  123:				;====================================================================
  124:				; CODE SEGMENT
  125:				;====================================================================
  126:
  127:		N      0100	      org   0100h
  128:	  0100			Start:
  129:	  0100	75 8D FD	    mov th1, #253
  130:	  0103	75 89 20	    mov tmod, #20h
  131:	  0106	75 98 52	    mov scon, #52h
  132:	  0109	D2 8E		    setb tr1
  133:
  134:	  010B			loop:
  135:	  010B	30 99 FD	    JNB TI, $     ; Wait for transmission to complete (TI = 1)
  136:	  010E	E5 A0		    mov A, P2
  137:	  0110	F5 99		    MOV SBUF, A      ; Move the data from A to SBUF for transmission
  138:	  0112	C2 99		    CLR TI           ; Clear TI for next transmission
  139:	  0114	80 F5		    JMP loop       ; Repeat forever
  140:
  141:
  142:				;====================================================================
  143:				      END





                     register banks used:  ---

                     no errors




ASEM-51 V1.3                                         Copyright (c) 2002 by W.W. Heinz                                         PAGE 4





	       L I S T   O F   S Y M B O L S
	       =============================


SYMBOL				  TYPE     VALUE	LINE
------------------------------------------------------------
??ASEM_51			  NUMBER    8051
??VERSION			  NUMBER    0130
AC				  BIT	      D6	  96
ACC				  DATA	      E0	  41
B				  DATA	      F0	  42
CPRL2				  BIT	      C8	  83
CT2				  BIT	      C9	  84
CY				  BIT	      D7	  97
DPH				  DATA	      83	  17
DPL				  DATA	      82	  16
EA				  BIT	      AF	  68
ES				  BIT	      AC	  66
ET0				  BIT	      A9	  63
ET1				  BIT	      AB	  65
ET2				  BIT	      AD	  67
EX0				  BIT	      A8	  62
EX1				  BIT	      AA	  64
EXEN2				  BIT	      CB	  86
EXF2				  BIT	      CE	  89
EXTI0				  CODE	    0003	 100
EXTI1				  CODE	    0013	 102
F0				  BIT	      D5	  95
IE				  DATA	      A8	  29
IE0				  BIT	      89	  45
IE1				  BIT	      8B	  47
INT0				  BIT	      B2	  71
INT1				  BIT	      B3	  72
IP				  DATA	      B8	  32
IT0				  BIT	      88	  44
IT1				  BIT	      8A	  46
LOOP				  CODE	    010B	 134
OV				  BIT	      D2	  92
P				  BIT	      D0	  91
P0				  DATA	      80	  14
P1				  DATA	      90	  25
P2				  DATA	      A0	  28
P3				  DATA	      B0	  31
PCON				  DATA	      87	  18
PS				  BIT	      BC	  81
PSW				  DATA	      D0	  40
PT0				  BIT	      B9	  78
PT1				  BIT	      BB	  80
PT2				  BIT	      BD	  82
PX0				  BIT	      B8	  77
PX1				  BIT	      BA	  79
RB8				  BIT	      9A	  56
RCAP2H				  DATA	      CB	  37
RCAP2L				  DATA	      CA	  36
RCLK				  BIT	      CD	  88
RD				  BIT	      B7	  76

ASEM-51 V1.3                                         Copyright (c) 2002 by W.W. Heinz                                         PAGE 5



SYMBOL				  TYPE     VALUE	LINE
------------------------------------------------------------
REN				  BIT	      9C	  58
RESET				  CODE	    0000	  99
RI				  BIT	      98	  54
RS0				  BIT	      D3	  93
RS1				  BIT	      D4	  94
RXD				  BIT	      B0	  69
SADDR				  DATA	      A9	  30
SADEN				  DATA	      B9	  33
SBUF				  DATA	      99	  27
SCON				  DATA	      98	  26
SINT				  CODE	    0023	 104
SM0				  BIT	      9F	  61
SM1				  BIT	      9E	  60
SM2				  BIT	      9D	  59
SP				  DATA	      81	  15
START				  CODE	    0100	 128
T0				  BIT	      B4	  73
T1				  BIT	      B5	  74
T2				  BIT	      90	  52
T2CON				  DATA	      C8	  34
T2EX				  BIT	      91	  53
T2MOD				  DATA	      C9	  35
TB8				  BIT	      9B	  57
TCLK				  BIT	      CC	  87
TCON				  DATA	      88	  19
TF0				  BIT	      8D	  49
TF1				  BIT	      8F	  51
TF2				  BIT	      CF	  90
TH0				  DATA	      8C	  23
TH1				  DATA	      8D	  24
TH2				  DATA	      CD	  39
TI				  BIT	      99	  55
TIMER0				  CODE	    000B	 101
TIMER1				  CODE	    001B	 103
TIMER2				  CODE	    002B	 105
TL0				  DATA	      8A	  21
TL1				  DATA	      8B	  22
TL2				  DATA	      CC	  38
TMOD				  DATA	      89	  20
TR0				  BIT	      8C	  48
TR1				  BIT	      8E	  50
TR2				  BIT	      CA	  85
TXD				  BIT	      B1	  70
WR				  BIT	      B6	  75
