
ASEM-51 V1.3                                         Copyright (c) 2002 by W.W. Heinz                                         PAGE 1





       MCS-51 Family Macro Assembler   A S E M - 5 1   V 1.3
       =====================================================



	Source File:	mikro2.asm
	Object File:	mikro2.hex
	List File:	mikro2.lst



 Line  I  Addr  Code            Source

    1:		N      0000	org   0000h
    2:	  0000	02 01 00	      jmp   Start
    3:
    4:				;====================================================================
    5:				; CODE SEGMENT
    6:				;====================================================================
    7:
    8:		N      0100	      org   0100h
    9:	  0100			Start:
   10:	  0100	75 8D FD	    mov th1, #253
   11:	  0103	75 89 20	    mov tmod, #20h
   12:	  0106	75 98 50	    mov scon, #50h
   13:	  0109	D2 8E		    setb tr1
   14:
   15:	  010B			loop:
   16:	  010B	30 98 FD	    JNB RI, $     ; Wait for reception to complete (RI = 1)
   17:	  010E	E5 99		    MOV A, SBUF   ; Move the received data from SBUF to A
   18:	  0110	F5 A0		    mov p2, A
   19:	  0112	C2 98		    CLR RI        ; Clear RI for next reception
   20:	  0114	80 F5		    JMP loop      ; Repeat forever
   21:
   22:	  0116			end_process:
   23:	  0116	22		    RET
   24:				end





                     register banks used:  ---

                     no errors




ASEM-51 V1.3                                         Copyright (c) 2002 by W.W. Heinz                                         PAGE 2





	       L I S T   O F   S Y M B O L S
	       =============================


SYMBOL				  TYPE     VALUE	LINE
------------------------------------------------------------
??ASEM_51			  NUMBER    8051
??VERSION			  NUMBER    0130
AC				  BIT	      D6
ACC				  DATA	      E0
B				  DATA	      F0
CY				  BIT	      D7
DPH				  DATA	      83
DPL				  DATA	      82
EA				  BIT	      AF
END_PROCESS			  CODE	    0116	  22
ES				  BIT	      AC
ET0				  BIT	      A9
ET1				  BIT	      AB
EX0				  BIT	      A8
EX1				  BIT	      AA
EXTI0				  CODE	    0003
EXTI1				  CODE	    0013
F0				  BIT	      D5
IE				  DATA	      A8
IE0				  BIT	      89
IE1				  BIT	      8B
INT0				  BIT	      B2
INT1				  BIT	      B3
IP				  DATA	      B8
IT0				  BIT	      88
IT1				  BIT	      8A
LOOP				  CODE	    010B	  15
OV				  BIT	      D2
P				  BIT	      D0
P0				  DATA	      80
P1				  DATA	      90
P2				  DATA	      A0
P3				  DATA	      B0
PCON				  DATA	      87
PS				  BIT	      BC
PSW				  DATA	      D0
PT0				  BIT	      B9
PT1				  BIT	      BB
PX0				  BIT	      B8
PX1				  BIT	      BA
RB8				  BIT	      9A
RD				  BIT	      B7
REN				  BIT	      9C
RESET				  CODE	    0000
RI				  BIT	      98
RS0				  BIT	      D3
RS1				  BIT	      D4
RXD				  BIT	      B0
SBUF				  DATA	      99
SCON				  DATA	      98

ASEM-51 V1.3                                         Copyright (c) 2002 by W.W. Heinz                                         PAGE 3



SYMBOL				  TYPE     VALUE	LINE
------------------------------------------------------------
SINT				  CODE	    0023
SM0				  BIT	      9F
SM1				  BIT	      9E
SM2				  BIT	      9D
SP				  DATA	      81
START				  CODE	    0100	   9
T0				  BIT	      B4
T1				  BIT	      B5
TB8				  BIT	      9B
TCON				  DATA	      88
TF0				  BIT	      8D
TF1				  BIT	      8F
TH0				  DATA	      8C
TH1				  DATA	      8D
TI				  BIT	      99
TIMER0				  CODE	    000B
TIMER1				  CODE	    001B
TL0				  DATA	      8A
TL1				  DATA	      8B
TMOD				  DATA	      89
TR0				  BIT	      8C
TR1				  BIT	      8E
TXD				  BIT	      B1
WR				  BIT	      B6
